[2021-04-14 13:38:01,539] [Sample.py:55] [DEBUG] Doing DIS query of type files for /DYJetsToLL_M-50_TuneCP5_13TeV-madgraphMLM-pythia8/RunIIAutumn18NanoAODv7-Nano02Apr2020_102X_upgrade2018_realistic_v21-v1/NANOAODSIM
[2021-04-14 13:38:01,593] [Sample.py:55] [DEBUG] Doing DIS query of type files for /TTZToLLNuNu_M-10_TuneCP5_13TeV-amcatnlo-pythia8/RunIIAutumn18NanoAODv7-Nano02Apr2020_102X_upgrade2018_realistic_v21_ext1-v1/NANOAODSIM
[2021-04-14 13:38:01,622] [Sample.py:55] [DEBUG] Doing DIS query of type files for /TTZToLL_M-1to10_TuneCP5_13TeV-amcatnlo-pythia8/RunIIAutumn18NanoAODv7-Nano02Apr2020_102X_upgrade2018_realistic_v21-v1/NANOAODSIM
[2021-04-14 13:38:01,649] [Sample.py:55] [DEBUG] Doing DIS query of type files for /TTTo2L2Nu_TuneCP5_13TeV-powheg-pythia8/RunIIAutumn18NanoAODv7-Nano02Apr2020_102X_upgrade2018_realistic_v21-v1/NANOAODSIM
[2021-04-14 13:46:15,512] [Sample.py:55] [DEBUG] Doing DIS query of type files for /DYJetsToLL_M-50_TuneCP5_13TeV-madgraphMLM-pythia8/RunIIAutumn18NanoAODv7-Nano02Apr2020_102X_upgrade2018_realistic_v21-v1/NANOAODSIM
[2021-04-14 13:46:16,665] [Sample.py:55] [DEBUG] Doing DIS query of type files for /TTZToLLNuNu_M-10_TuneCP5_13TeV-amcatnlo-pythia8/RunIIAutumn18NanoAODv7-Nano02Apr2020_102X_upgrade2018_realistic_v21_ext1-v1/NANOAODSIM
[2021-04-14 13:46:16,936] [Sample.py:55] [DEBUG] Doing DIS query of type files for /TTZToLL_M-1to10_TuneCP5_13TeV-amcatnlo-pythia8/RunIIAutumn18NanoAODv7-Nano02Apr2020_102X_upgrade2018_realistic_v21-v1/NANOAODSIM
[2021-04-14 13:46:17,211] [Sample.py:55] [DEBUG] Doing DIS query of type files for /TTTo2L2Nu_TuneCP5_13TeV-powheg-pythia8/RunIIAutumn18NanoAODv7-Nano02Apr2020_102X_upgrade2018_realistic_v21-v1/NANOAODSIM
[2021-04-14 13:47:44,091] [Sample.py:55] [DEBUG] Doing DIS query of type files for /DYJetsToLL_M-50_TuneCP5_13TeV-madgraphMLM-pythia8/RunIIAutumn18NanoAODv7-Nano02Apr2020_102X_upgrade2018_realistic_v21-v1/NANOAODSIM
[2021-04-14 13:47:44,131] [Sample.py:55] [DEBUG] Doing DIS query of type files for /TTZToLLNuNu_M-10_TuneCP5_13TeV-amcatnlo-pythia8/RunIIAutumn18NanoAODv7-Nano02Apr2020_102X_upgrade2018_realistic_v21_ext1-v1/NANOAODSIM
[2021-04-14 13:47:44,157] [Sample.py:55] [DEBUG] Doing DIS query of type files for /TTZToLL_M-1to10_TuneCP5_13TeV-amcatnlo-pythia8/RunIIAutumn18NanoAODv7-Nano02Apr2020_102X_upgrade2018_realistic_v21-v1/NANOAODSIM
[2021-04-14 13:47:44,181] [Sample.py:55] [DEBUG] Doing DIS query of type files for /TTTo2L2Nu_TuneCP5_13TeV-powheg-pythia8/RunIIAutumn18NanoAODv7-Nano02Apr2020_102X_upgrade2018_realistic_v21-v1/NANOAODSIM
[2021-04-14 17:51:32,621] [Sample.py:55] [DEBUG] Doing DIS query of type files for /DYJetsToLL_M-50_TuneCP5_13TeV-madgraphMLM-pythia8/RunIIAutumn18NanoAODv7-Nano02Apr2020_102X_upgrade2018_realistic_v21-v1/NANOAODSIM
[2021-04-14 17:51:33,954] [Sample.py:55] [DEBUG] Doing DIS query of type files for /TTZToLLNuNu_M-10_TuneCP5_13TeV-amcatnlo-pythia8/RunIIAutumn18NanoAODv7-Nano02Apr2020_102X_upgrade2018_realistic_v21_ext1-v1/NANOAODSIM
[2021-04-14 17:51:34,369] [Sample.py:55] [DEBUG] Doing DIS query of type files for /TTZToLL_M-1to10_TuneCP5_13TeV-amcatnlo-pythia8/RunIIAutumn18NanoAODv7-Nano02Apr2020_102X_upgrade2018_realistic_v21-v1/NANOAODSIM
[2021-04-14 17:51:34,697] [Sample.py:55] [DEBUG] Doing DIS query of type files for /TTTo2L2Nu_TuneCP5_13TeV-powheg-pythia8/RunIIAutumn18NanoAODv7-Nano02Apr2020_102X_upgrade2018_realistic_v21-v1/NANOAODSIM
[2021-04-14 17:57:19,380] [Sample.py:55] [DEBUG] Doing DIS query of type files for /DYJetsToLL_M-50_TuneCP5_13TeV-madgraphMLM-pythia8/RunIIAutumn18NanoAODv7-Nano02Apr2020_102X_upgrade2018_realistic_v21-v1/NANOAODSIM
[2021-04-14 17:57:19,414] [Sample.py:55] [DEBUG] Doing DIS query of type files for /TTZToLLNuNu_M-10_TuneCP5_13TeV-amcatnlo-pythia8/RunIIAutumn18NanoAODv7-Nano02Apr2020_102X_upgrade2018_realistic_v21_ext1-v1/NANOAODSIM
[2021-04-14 17:57:19,438] [Sample.py:55] [DEBUG] Doing DIS query of type files for /TTZToLL_M-1to10_TuneCP5_13TeV-amcatnlo-pythia8/RunIIAutumn18NanoAODv7-Nano02Apr2020_102X_upgrade2018_realistic_v21-v1/NANOAODSIM
[2021-04-14 17:57:19,462] [Sample.py:55] [DEBUG] Doing DIS query of type files for /TTTo2L2Nu_TuneCP5_13TeV-powheg-pythia8/RunIIAutumn18NanoAODv7-Nano02Apr2020_102X_upgrade2018_realistic_v21-v1/NANOAODSIM
[2021-04-14 18:56:00,312] [Sample.py:55] [DEBUG] Doing DIS query of type files for /DYJetsToLL_M-50_TuneCP5_13TeV-madgraphMLM-pythia8/RunIIAutumn18NanoAODv7-Nano02Apr2020_102X_upgrade2018_realistic_v21-v1/NANOAODSIM
[2021-04-14 18:56:01,763] [Sample.py:55] [DEBUG] Doing DIS query of type files for /TTZToLLNuNu_M-10_TuneCP5_13TeV-amcatnlo-pythia8/RunIIAutumn18NanoAODv7-Nano02Apr2020_102X_upgrade2018_realistic_v21_ext1-v1/NANOAODSIM
[2021-04-14 18:56:02,153] [Sample.py:55] [DEBUG] Doing DIS query of type files for /TTZToLL_M-1to10_TuneCP5_13TeV-amcatnlo-pythia8/RunIIAutumn18NanoAODv7-Nano02Apr2020_102X_upgrade2018_realistic_v21-v1/NANOAODSIM
[2021-04-14 18:56:02,509] [Sample.py:55] [DEBUG] Doing DIS query of type files for /TTTo2L2Nu_TuneCP5_13TeV-powheg-pythia8/RunIIAutumn18NanoAODv7-Nano02Apr2020_102X_upgrade2018_realistic_v21-v1/NANOAODSIM
[2021-04-15 17:32:13,662] [Sample.py:55] [DEBUG] Doing DIS query of type files for /DYJetsToLL_M-50_TuneCP5_13TeV-madgraphMLM-pythia8/RunIIAutumn18NanoAODv7-Nano02Apr2020_102X_upgrade2018_realistic_v21-v1/NANOAODSIM
[2021-04-15 17:32:15,021] [Sample.py:55] [DEBUG] Doing DIS query of type files for /TTZToLLNuNu_M-10_TuneCP5_13TeV-amcatnlo-pythia8/RunIIAutumn18NanoAODv7-Nano02Apr2020_102X_upgrade2018_realistic_v21_ext1-v1/NANOAODSIM
[2021-04-15 17:32:15,334] [Sample.py:55] [DEBUG] Doing DIS query of type files for /TTZToLL_M-1to10_TuneCP5_13TeV-amcatnlo-pythia8/RunIIAutumn18NanoAODv7-Nano02Apr2020_102X_upgrade2018_realistic_v21-v1/NANOAODSIM
[2021-04-15 17:32:15,649] [Sample.py:55] [DEBUG] Doing DIS query of type files for /TTTo2L2Nu_TuneCP5_13TeV-powheg-pythia8/RunIIAutumn18NanoAODv7-Nano02Apr2020_102X_upgrade2018_realistic_v21-v1/NANOAODSIM
[2021-04-18 11:15:59,038] [Sample.py:55] [DEBUG] Doing DIS query of type files for /DYJetsToLL_M-50_TuneCP5_13TeV-madgraphMLM-pythia8/RunIIAutumn18NanoAODv7-Nano02Apr2020_102X_upgrade2018_realistic_v21-v1/NANOAODSIM
[2021-04-18 12:15:03,475] [Sample.py:55] [DEBUG] Doing DIS query of type files for /DYJetsToLL_M-50_TuneCP5_13TeV-madgraphMLM-pythia8/RunIIAutumn18NanoAODv7-Nano02Apr2020_102X_upgrade2018_realistic_v21-v1/NANOAODSIM
[2021-04-18 12:22:02,348] [Sample.py:55] [DEBUG] Doing DIS query of type files for /DYJetsToLL_M-50_TuneCP5_13TeV-madgraphMLM-pythia8/RunIIAutumn18NanoAODv7-Nano02Apr2020_102X_upgrade2018_realistic_v21-v1/NANOAODSIM
[2021-04-21 11:11:01,351] [Sample.py:55] [DEBUG] Doing DIS query of type files for /DYJetsToLL_M-50_TuneCP5_13TeV-madgraphMLM-pythia8/RunIIAutumn18NanoAODv7-Nano02Apr2020_102X_upgrade2018_realistic_v21-v1/NANOAODSIM
[2021-04-21 11:11:02,850] [Sample.py:55] [DEBUG] Doing DIS query of type files for /TTZToLLNuNu_M-10_TuneCP5_13TeV-amcatnlo-pythia8/RunIIAutumn18NanoAODv7-Nano02Apr2020_102X_upgrade2018_realistic_v21_ext1-v1/NANOAODSIM
[2021-04-21 11:11:03,244] [Sample.py:55] [DEBUG] Doing DIS query of type files for /TTZToLL_M-1to10_TuneCP5_13TeV-amcatnlo-pythia8/RunIIAutumn18NanoAODv7-Nano02Apr2020_102X_upgrade2018_realistic_v21-v1/NANOAODSIM
[2021-04-21 11:11:03,622] [Sample.py:55] [DEBUG] Doing DIS query of type files for /TTTo2L2Nu_TuneCP5_13TeV-powheg-pythia8/RunIIAutumn18NanoAODv7-Nano02Apr2020_102X_upgrade2018_realistic_v21-v1/NANOAODSIM
[2021-04-21 11:32:32,732] [Sample.py:55] [DEBUG] Doing DIS query of type files for /DYJetsToLL_M-50_TuneCP5_13TeV-madgraphMLM-pythia8/RunIIAutumn18NanoAODv7-Nano02Apr2020_102X_upgrade2018_realistic_v21-v1/NANOAODSIM
[2021-04-21 11:32:32,784] [Sample.py:55] [DEBUG] Doing DIS query of type files for /TTZToLLNuNu_M-10_TuneCP5_13TeV-amcatnlo-pythia8/RunIIAutumn18NanoAODv7-Nano02Apr2020_102X_upgrade2018_realistic_v21_ext1-v1/NANOAODSIM
[2021-04-21 11:32:32,810] [Sample.py:55] [DEBUG] Doing DIS query of type files for /TTZToLL_M-1to10_TuneCP5_13TeV-amcatnlo-pythia8/RunIIAutumn18NanoAODv7-Nano02Apr2020_102X_upgrade2018_realistic_v21-v1/NANOAODSIM
[2021-04-21 11:32:32,836] [Sample.py:55] [DEBUG] Doing DIS query of type files for /TTTo2L2Nu_TuneCP5_13TeV-powheg-pythia8/RunIIAutumn18NanoAODv7-Nano02Apr2020_102X_upgrade2018_realistic_v21-v1/NANOAODSIM
[2021-04-21 13:38:37,511] [Sample.py:55] [DEBUG] Doing DIS query of type files for /DYJetsToLL_M-50_TuneCP5_13TeV-madgraphMLM-pythia8/RunIIAutumn18NanoAODv7-Nano02Apr2020_102X_upgrade2018_realistic_v21-v1/NANOAODSIM
[2021-04-21 13:38:38,871] [Sample.py:55] [DEBUG] Doing DIS query of type files for /TTZToLLNuNu_M-10_TuneCP5_13TeV-amcatnlo-pythia8/RunIIAutumn18NanoAODv7-Nano02Apr2020_102X_upgrade2018_realistic_v21_ext1-v1/NANOAODSIM
[2021-04-21 13:38:39,194] [Sample.py:55] [DEBUG] Doing DIS query of type files for /TTZToLL_M-1to10_TuneCP5_13TeV-amcatnlo-pythia8/RunIIAutumn18NanoAODv7-Nano02Apr2020_102X_upgrade2018_realistic_v21-v1/NANOAODSIM
[2021-04-21 13:38:39,506] [Sample.py:55] [DEBUG] Doing DIS query of type files for /TTTo2L2Nu_TuneCP5_13TeV-powheg-pythia8/RunIIAutumn18NanoAODv7-Nano02Apr2020_102X_upgrade2018_realistic_v21-v1/NANOAODSIM
[2021-04-21 14:16:28,052] [Sample.py:55] [DEBUG] Doing DIS query of type files for /DYJetsToLL_M-50_TuneCP5_13TeV-madgraphMLM-pythia8/RunIIAutumn18NanoAODv7-Nano02Apr2020_102X_upgrade2018_realistic_v21-v1/NANOAODSIM
[2021-04-21 14:16:28,106] [Sample.py:55] [DEBUG] Doing DIS query of type files for /TTZToLLNuNu_M-10_TuneCP5_13TeV-amcatnlo-pythia8/RunIIAutumn18NanoAODv7-Nano02Apr2020_102X_upgrade2018_realistic_v21_ext1-v1/NANOAODSIM
[2021-04-21 14:16:28,133] [Sample.py:55] [DEBUG] Doing DIS query of type files for /TTZToLL_M-1to10_TuneCP5_13TeV-amcatnlo-pythia8/RunIIAutumn18NanoAODv7-Nano02Apr2020_102X_upgrade2018_realistic_v21-v1/NANOAODSIM
[2021-04-21 14:16:28,158] [Sample.py:55] [DEBUG] Doing DIS query of type files for /TTTo2L2Nu_TuneCP5_13TeV-powheg-pythia8/RunIIAutumn18NanoAODv7-Nano02Apr2020_102X_upgrade2018_realistic_v21-v1/NANOAODSIM
[2021-04-24 19:22:12,916] [Sample.py:55] [DEBUG] Doing DIS query of type files for /DYJetsToLL_M-50_TuneCP5_13TeV-madgraphMLM-pythia8/RunIIAutumn18NanoAODv7-Nano02Apr2020_102X_upgrade2018_realistic_v21-v1/NANOAODSIM
[2021-04-24 19:22:14,092] [Sample.py:55] [DEBUG] Doing DIS query of type files for /TTZToLLNuNu_M-10_TuneCP5_13TeV-amcatnlo-pythia8/RunIIAutumn18NanoAODv7-Nano02Apr2020_102X_upgrade2018_realistic_v21_ext1-v1/NANOAODSIM
[2021-04-24 19:22:14,355] [Sample.py:55] [DEBUG] Doing DIS query of type files for /TTZToLL_M-1to10_TuneCP5_13TeV-amcatnlo-pythia8/RunIIAutumn18NanoAODv7-Nano02Apr2020_102X_upgrade2018_realistic_v21-v1/NANOAODSIM
[2021-04-24 19:22:14,615] [Sample.py:55] [DEBUG] Doing DIS query of type files for /TTTo2L2Nu_TuneCP5_13TeV-powheg-pythia8/RunIIAutumn18NanoAODv7-Nano02Apr2020_102X_upgrade2018_realistic_v21-v1/NANOAODSIM
[2021-04-25 11:22:12,492] [Sample.py:55] [DEBUG] Doing DIS query of type files for /DYJetsToLL_M-50_TuneCP5_13TeV-madgraphMLM-pythia8/RunIIAutumn18NanoAODv7-Nano02Apr2020_102X_upgrade2018_realistic_v21-v1/NANOAODSIM
[2021-04-25 11:22:14,481] [Sample.py:55] [DEBUG] Doing DIS query of type files for /TTZToLLNuNu_M-10_TuneCP5_13TeV-amcatnlo-pythia8/RunIIAutumn18NanoAODv7-Nano02Apr2020_102X_upgrade2018_realistic_v21_ext1-v1/NANOAODSIM
[2021-04-25 11:22:14,785] [Sample.py:55] [DEBUG] Doing DIS query of type files for /TTZToLL_M-1to10_TuneCP5_13TeV-amcatnlo-pythia8/RunIIAutumn18NanoAODv7-Nano02Apr2020_102X_upgrade2018_realistic_v21-v1/NANOAODSIM
[2021-04-25 11:22:15,191] [Sample.py:55] [DEBUG] Doing DIS query of type files for /TTTo2L2Nu_TuneCP5_13TeV-powheg-pythia8/RunIIAutumn18NanoAODv7-Nano02Apr2020_102X_upgrade2018_realistic_v21-v1/NANOAODSIM
[2021-04-25 12:04:10,371] [Sample.py:55] [DEBUG] Doing DIS query of type files for /DYJetsToLL_M-50_TuneCP5_13TeV-madgraphMLM-pythia8/RunIIAutumn18NanoAODv7-Nano02Apr2020_102X_upgrade2018_realistic_v21-v1/NANOAODSIM
[2021-04-25 12:04:10,426] [Sample.py:55] [DEBUG] Doing DIS query of type files for /TTZToLLNuNu_M-10_TuneCP5_13TeV-amcatnlo-pythia8/RunIIAutumn18NanoAODv7-Nano02Apr2020_102X_upgrade2018_realistic_v21_ext1-v1/NANOAODSIM
[2021-04-25 12:04:10,455] [Sample.py:55] [DEBUG] Doing DIS query of type files for /TTZToLL_M-1to10_TuneCP5_13TeV-amcatnlo-pythia8/RunIIAutumn18NanoAODv7-Nano02Apr2020_102X_upgrade2018_realistic_v21-v1/NANOAODSIM
[2021-04-25 12:04:10,483] [Sample.py:55] [DEBUG] Doing DIS query of type files for /TTTo2L2Nu_TuneCP5_13TeV-powheg-pythia8/RunIIAutumn18NanoAODv7-Nano02Apr2020_102X_upgrade2018_realistic_v21-v1/NANOAODSIM
[2021-04-25 13:17:12,182] [Sample.py:55] [DEBUG] Doing DIS query of type files for /DYJetsToLL_M-50_TuneCP5_13TeV-madgraphMLM-pythia8/RunIIAutumn18NanoAODv7-Nano02Apr2020_102X_upgrade2018_realistic_v21-v1/NANOAODSIM
[2021-04-25 13:17:13,580] [Sample.py:55] [DEBUG] Doing DIS query of type files for /TTZToLLNuNu_M-10_TuneCP5_13TeV-amcatnlo-pythia8/RunIIAutumn18NanoAODv7-Nano02Apr2020_102X_upgrade2018_realistic_v21_ext1-v1/NANOAODSIM
[2021-04-25 13:17:13,901] [Sample.py:55] [DEBUG] Doing DIS query of type files for /TTZToLL_M-1to10_TuneCP5_13TeV-amcatnlo-pythia8/RunIIAutumn18NanoAODv7-Nano02Apr2020_102X_upgrade2018_realistic_v21-v1/NANOAODSIM
[2021-04-25 13:17:14,276] [Sample.py:55] [DEBUG] Doing DIS query of type files for /TTTo2L2Nu_TuneCP5_13TeV-powheg-pythia8/RunIIAutumn18NanoAODv7-Nano02Apr2020_102X_upgrade2018_realistic_v21-v1/NANOAODSIM
[2021-04-25 17:13:31,485] [Sample.py:55] [DEBUG] Doing DIS query of type files for /DYJetsToLL_M-50_TuneCP5_13TeV-madgraphMLM-pythia8/RunIIAutumn18NanoAODv7-Nano02Apr2020_102X_upgrade2018_realistic_v21-v1/NANOAODSIM
[2021-04-25 17:13:32,901] [Sample.py:55] [DEBUG] Doing DIS query of type files for /TTZToLLNuNu_M-10_TuneCP5_13TeV-amcatnlo-pythia8/RunIIAutumn18NanoAODv7-Nano02Apr2020_102X_upgrade2018_realistic_v21_ext1-v1/NANOAODSIM
[2021-04-25 17:13:33,161] [Sample.py:55] [DEBUG] Doing DIS query of type files for /TTZToLL_M-1to10_TuneCP5_13TeV-amcatnlo-pythia8/RunIIAutumn18NanoAODv7-Nano02Apr2020_102X_upgrade2018_realistic_v21-v1/NANOAODSIM
[2021-04-25 17:13:33,417] [Sample.py:55] [DEBUG] Doing DIS query of type files for /TTTo2L2Nu_TuneCP5_13TeV-powheg-pythia8/RunIIAutumn18NanoAODv7-Nano02Apr2020_102X_upgrade2018_realistic_v21-v1/NANOAODSIM
[2021-04-25 19:53:14,692] [Sample.py:55] [DEBUG] Doing DIS query of type files for /DYJetsToLL_M-50_TuneCP5_13TeV-madgraphMLM-pythia8/RunIIAutumn18NanoAODv7-Nano02Apr2020_102X_upgrade2018_realistic_v21-v1/NANOAODSIM
[2021-04-25 19:53:15,838] [Sample.py:55] [DEBUG] Doing DIS query of type files for /TTZToLLNuNu_M-10_TuneCP5_13TeV-amcatnlo-pythia8/RunIIAutumn18NanoAODv7-Nano02Apr2020_102X_upgrade2018_realistic_v21_ext1-v1/NANOAODSIM
[2021-04-25 19:53:16,102] [Sample.py:55] [DEBUG] Doing DIS query of type files for /TTZToLL_M-1to10_TuneCP5_13TeV-amcatnlo-pythia8/RunIIAutumn18NanoAODv7-Nano02Apr2020_102X_upgrade2018_realistic_v21-v1/NANOAODSIM
[2021-04-25 19:53:16,362] [Sample.py:55] [DEBUG] Doing DIS query of type files for /TTTo2L2Nu_TuneCP5_13TeV-powheg-pythia8/RunIIAutumn18NanoAODv7-Nano02Apr2020_102X_upgrade2018_realistic_v21-v1/NANOAODSIM
[2021-04-25 20:32:02,808] [Sample.py:55] [DEBUG] Doing DIS query of type files for /DYJetsToLL_M-50_TuneCP5_13TeV-madgraphMLM-pythia8/RunIIAutumn18NanoAODv7-Nano02Apr2020_102X_upgrade2018_realistic_v21-v1/NANOAODSIM
[2021-04-25 20:32:02,904] [Sample.py:55] [DEBUG] Doing DIS query of type files for /TTZToLLNuNu_M-10_TuneCP5_13TeV-amcatnlo-pythia8/RunIIAutumn18NanoAODv7-Nano02Apr2020_102X_upgrade2018_realistic_v21_ext1-v1/NANOAODSIM
[2021-04-25 20:32:02,933] [Sample.py:55] [DEBUG] Doing DIS query of type files for /TTZToLL_M-1to10_TuneCP5_13TeV-amcatnlo-pythia8/RunIIAutumn18NanoAODv7-Nano02Apr2020_102X_upgrade2018_realistic_v21-v1/NANOAODSIM
[2021-04-25 20:32:02,960] [Sample.py:55] [DEBUG] Doing DIS query of type files for /TTTo2L2Nu_TuneCP5_13TeV-powheg-pythia8/RunIIAutumn18NanoAODv7-Nano02Apr2020_102X_upgrade2018_realistic_v21-v1/NANOAODSIM
[2021-04-25 23:26:24,098] [Sample.py:55] [DEBUG] Doing DIS query of type files for /DYJetsToLL_M-50_TuneCP5_13TeV-madgraphMLM-pythia8/RunIIAutumn18NanoAODv7-Nano02Apr2020_102X_upgrade2018_realistic_v21-v1/NANOAODSIM
[2021-04-25 23:26:25,577] [Sample.py:55] [DEBUG] Doing DIS query of type files for /TTZToLLNuNu_M-10_TuneCP5_13TeV-amcatnlo-pythia8/RunIIAutumn18NanoAODv7-Nano02Apr2020_102X_upgrade2018_realistic_v21_ext1-v1/NANOAODSIM
[2021-04-25 23:26:25,835] [Sample.py:55] [DEBUG] Doing DIS query of type files for /TTZToLL_M-1to10_TuneCP5_13TeV-amcatnlo-pythia8/RunIIAutumn18NanoAODv7-Nano02Apr2020_102X_upgrade2018_realistic_v21-v1/NANOAODSIM
[2021-04-25 23:26:26,091] [Sample.py:55] [DEBUG] Doing DIS query of type files for /TTTo2L2Nu_TuneCP5_13TeV-powheg-pythia8/RunIIAutumn18NanoAODv7-Nano02Apr2020_102X_upgrade2018_realistic_v21-v1/NANOAODSIM
[2021-04-26 10:17:32,536] [Sample.py:55] [DEBUG] Doing DIS query of type files for /DYJetsToLL_M-50_TuneCP5_13TeV-madgraphMLM-pythia8/RunIIAutumn18NanoAODv7-Nano02Apr2020_102X_upgrade2018_realistic_v21-v1/NANOAODSIM
[2021-04-26 10:17:35,997] [Sample.py:55] [DEBUG] Doing DIS query of type files for /TTZToLLNuNu_M-10_TuneCP5_13TeV-amcatnlo-pythia8/RunIIAutumn18NanoAODv7-Nano02Apr2020_102X_upgrade2018_realistic_v21_ext1-v1/NANOAODSIM
[2021-04-26 10:17:36,337] [Sample.py:55] [DEBUG] Doing DIS query of type files for /TTZToLL_M-1to10_TuneCP5_13TeV-amcatnlo-pythia8/RunIIAutumn18NanoAODv7-Nano02Apr2020_102X_upgrade2018_realistic_v21-v1/NANOAODSIM
[2021-04-26 10:17:36,688] [Sample.py:55] [DEBUG] Doing DIS query of type files for /TTTo2L2Nu_TuneCP5_13TeV-powheg-pythia8/RunIIAutumn18NanoAODv7-Nano02Apr2020_102X_upgrade2018_realistic_v21-v1/NANOAODSIM
[2021-04-26 10:33:02,422] [Sample.py:55] [DEBUG] Doing DIS query of type files for /DYJetsToLL_M-50_TuneCP5_13TeV-madgraphMLM-pythia8/RunIIAutumn18NanoAODv7-Nano02Apr2020_102X_upgrade2018_realistic_v21-v1/NANOAODSIM
[2021-04-26 10:33:02,467] [Sample.py:55] [DEBUG] Doing DIS query of type files for /TTZToLLNuNu_M-10_TuneCP5_13TeV-amcatnlo-pythia8/RunIIAutumn18NanoAODv7-Nano02Apr2020_102X_upgrade2018_realistic_v21_ext1-v1/NANOAODSIM
[2021-04-26 10:33:02,495] [Sample.py:55] [DEBUG] Doing DIS query of type files for /TTZToLL_M-1to10_TuneCP5_13TeV-amcatnlo-pythia8/RunIIAutumn18NanoAODv7-Nano02Apr2020_102X_upgrade2018_realistic_v21-v1/NANOAODSIM
[2021-04-26 10:33:02,522] [Sample.py:55] [DEBUG] Doing DIS query of type files for /TTTo2L2Nu_TuneCP5_13TeV-powheg-pythia8/RunIIAutumn18NanoAODv7-Nano02Apr2020_102X_upgrade2018_realistic_v21-v1/NANOAODSIM
[2021-04-26 13:33:24,435] [Sample.py:55] [DEBUG] Doing DIS query of type files for /DYJetsToLL_M-50_TuneCP5_13TeV-madgraphMLM-pythia8/RunIIAutumn18NanoAODv7-Nano02Apr2020_102X_upgrade2018_realistic_v21-v1/NANOAODSIM
[2021-04-26 13:33:25,830] [Sample.py:55] [DEBUG] Doing DIS query of type files for /TTZToLLNuNu_M-10_TuneCP5_13TeV-amcatnlo-pythia8/RunIIAutumn18NanoAODv7-Nano02Apr2020_102X_upgrade2018_realistic_v21_ext1-v1/NANOAODSIM
[2021-04-26 13:33:26,159] [Sample.py:55] [DEBUG] Doing DIS query of type files for /TTZToLL_M-1to10_TuneCP5_13TeV-amcatnlo-pythia8/RunIIAutumn18NanoAODv7-Nano02Apr2020_102X_upgrade2018_realistic_v21-v1/NANOAODSIM
[2021-04-26 13:33:27,542] [Sample.py:55] [DEBUG] Doing DIS query of type files for /TTTo2L2Nu_TuneCP5_13TeV-powheg-pythia8/RunIIAutumn18NanoAODv7-Nano02Apr2020_102X_upgrade2018_realistic_v21-v1/NANOAODSIM
[2021-05-10 15:20:07,780] [Sample.py:55] [DEBUG] Doing DIS query of type files for /DYJetsToLL_M-50_TuneCP5_13TeV-madgraphMLM-pythia8/RunIIAutumn18NanoAODv7-Nano02Apr2020_102X_upgrade2018_realistic_v21-v1/NANOAODSIM
[2021-05-10 15:20:07,820] [Sample.py:55] [DEBUG] Doing DIS query of type files for /TTZToLLNuNu_M-10_TuneCP5_13TeV-amcatnlo-pythia8/RunIIAutumn18NanoAODv7-Nano02Apr2020_102X_upgrade2018_realistic_v21_ext1-v1/NANOAODSIM
[2021-05-10 15:20:07,845] [Sample.py:55] [DEBUG] Doing DIS query of type files for /TTZToLL_M-1to10_TuneCP5_13TeV-amcatnlo-pythia8/RunIIAutumn18NanoAODv7-Nano02Apr2020_102X_upgrade2018_realistic_v21-v1/NANOAODSIM
[2021-05-10 15:20:07,870] [Sample.py:55] [DEBUG] Doing DIS query of type files for /TTTo2L2Nu_TuneCP5_13TeV-powheg-pythia8/RunIIAutumn18NanoAODv7-Nano02Apr2020_102X_upgrade2018_realistic_v21-v1/NANOAODSIM
[2021-05-11 13:10:10,185] [Sample.py:55] [DEBUG] Doing DIS query of type files for /DYJetsToLL_M-50_TuneCP5_13TeV-madgraphMLM-pythia8/RunIIAutumn18NanoAODv7-Nano02Apr2020_102X_upgrade2018_realistic_v21-v1/NANOAODSIM
[2021-05-11 13:10:11,478] [Sample.py:55] [DEBUG] Doing DIS query of type files for /TTZToLLNuNu_M-10_TuneCP5_13TeV-amcatnlo-pythia8/RunIIAutumn18NanoAODv7-Nano02Apr2020_102X_upgrade2018_realistic_v21_ext1-v1/NANOAODSIM
[2021-05-11 13:10:11,722] [Sample.py:55] [DEBUG] Doing DIS query of type files for /TTZToLL_M-1to10_TuneCP5_13TeV-amcatnlo-pythia8/RunIIAutumn18NanoAODv7-Nano02Apr2020_102X_upgrade2018_realistic_v21-v1/NANOAODSIM
[2021-05-11 13:10:11,964] [Sample.py:55] [DEBUG] Doing DIS query of type files for /TTTo2L2Nu_TuneCP5_13TeV-powheg-pythia8/RunIIAutumn18NanoAODv7-Nano02Apr2020_102X_upgrade2018_realistic_v21-v1/NANOAODSIM
[2021-05-12 12:11:22,772] [Sample.py:55] [DEBUG] Doing DIS query of type files for /DYJetsToLL_M-50_TuneCP5_13TeV-madgraphMLM-pythia8/RunIIAutumn18NanoAODv7-Nano02Apr2020_102X_upgrade2018_realistic_v21-v1/NANOAODSIM
[2021-05-12 12:11:23,062] [Sample.py:55] [DEBUG] Doing DIS query of type files for /TTZToLLNuNu_M-10_TuneCP5_13TeV-amcatnlo-pythia8/RunIIAutumn18NanoAODv7-Nano02Apr2020_102X_upgrade2018_realistic_v21_ext1-v1/NANOAODSIM
[2021-05-12 12:11:23,154] [Sample.py:55] [DEBUG] Doing DIS query of type files for /TTZToLL_M-1to10_TuneCP5_13TeV-amcatnlo-pythia8/RunIIAutumn18NanoAODv7-Nano02Apr2020_102X_upgrade2018_realistic_v21-v1/NANOAODSIM
[2021-05-12 12:11:23,286] [Sample.py:55] [DEBUG] Doing DIS query of type files for /TTTo2L2Nu_TuneCP5_13TeV-powheg-pythia8/RunIIAutumn18NanoAODv7-Nano02Apr2020_102X_upgrade2018_realistic_v21-v1/NANOAODSIM
[2021-05-12 12:29:06,496] [Sample.py:55] [DEBUG] Doing DIS query of type files for /DYJetsToLL_M-50_TuneCP5_13TeV-madgraphMLM-pythia8/RunIIAutumn18NanoAODv7-Nano02Apr2020_102X_upgrade2018_realistic_v21-v1/NANOAODSIM
[2021-05-12 12:29:07,624] [Sample.py:55] [DEBUG] Doing DIS query of type files for /TTZToLLNuNu_M-10_TuneCP5_13TeV-amcatnlo-pythia8/RunIIAutumn18NanoAODv7-Nano02Apr2020_102X_upgrade2018_realistic_v21_ext1-v1/NANOAODSIM
[2021-05-12 12:29:07,881] [Sample.py:55] [DEBUG] Doing DIS query of type files for /TTZToLL_M-1to10_TuneCP5_13TeV-amcatnlo-pythia8/RunIIAutumn18NanoAODv7-Nano02Apr2020_102X_upgrade2018_realistic_v21-v1/NANOAODSIM
[2021-05-12 12:29:08,134] [Sample.py:55] [DEBUG] Doing DIS query of type files for /TTTo2L2Nu_TuneCP5_13TeV-powheg-pythia8/RunIIAutumn18NanoAODv7-Nano02Apr2020_102X_upgrade2018_realistic_v21-v1/NANOAODSIM
[2021-05-12 17:52:22,487] [Sample.py:55] [DEBUG] Doing DIS query of type files for /DYJetsToLL_M-50_TuneCUETP8M1_13TeV-madgraphMLM-pythia8/RunIISummer16NanoAODv7-PUMoriond17_Nano02Apr2020_102X_mcRun2_asymptotic_v8_ext2-v1/NANOAODSIM
[2021-05-12 17:52:23,784] [Sample.py:55] [DEBUG] Doing DIS query of type files for /TTZToLLNuNu_M-10_TuneCP5_PSweights_13TeV-amcatnlo-pythia8/RunIISummer16NanoAODv7-PUMoriond17_Nano02Apr2020_102X_mcRun2_asymptotic_v8-v1/NANOAODSIM
[2021-05-12 17:52:24,823] [Sample.py:55] [DEBUG] Doing DIS query of type files for /TTZToQQ_TuneCUETP8M1_13TeV-amcatnlo-pythia8/RunIISummer16NanoAODv7-PUMoriond17_Nano02Apr2020_102X_mcRun2_asymptotic_v8-v1/NANOAODSIM
[2021-05-12 17:52:25,104] [Sample.py:55] [DEBUG] Doing DIS query of type files for /TTTo2L2Nu_TuneCP5_PSweights_13TeV-powheg-pythia8/RunIISummer16NanoAODv7-PUMoriond17_Nano02Apr2020_102X_mcRun2_asymptotic_v8-v1/NANOAODSIM
[2021-05-12 17:59:22,408] [Sample.py:55] [DEBUG] Doing DIS query of type files for /DYJetsToLL_M-50_TuneCUETP8M1_13TeV-madgraphMLM-pythia8/RunIISummer16NanoAODv7-PUMoriond17_Nano02Apr2020_102X_mcRun2_asymptotic_v8_ext2-v1/NANOAODSIM
[2021-05-12 17:59:22,451] [Sample.py:55] [DEBUG] Doing DIS query of type files for /TTZToLLNuNu_M-10_TuneCP5_PSweights_13TeV-amcatnlo-pythia8/RunIISummer16NanoAODv7-PUMoriond17_Nano02Apr2020_102X_mcRun2_asymptotic_v8-v1/NANOAODSIM
[2021-05-12 17:59:22,480] [Sample.py:55] [DEBUG] Doing DIS query of type files for /TTZToQQ_TuneCUETP8M1_13TeV-amcatnlo-pythia8/RunIISummer16NanoAODv7-PUMoriond17_Nano02Apr2020_102X_mcRun2_asymptotic_v8-v1/NANOAODSIM
[2021-05-12 17:59:22,502] [Sample.py:55] [DEBUG] Doing DIS query of type files for /TTTo2L2Nu_TuneCP5_PSweights_13TeV-powheg-pythia8/RunIISummer16NanoAODv7-PUMoriond17_Nano02Apr2020_102X_mcRun2_asymptotic_v8-v1/NANOAODSIM
[2021-05-12 22:01:30,122] [Sample.py:55] [DEBUG] Doing DIS query of type files for /DYJetsToLL_M-50_TuneCUETP8M1_13TeV-madgraphMLM-pythia8/RunIISummer16NanoAODv7-PUMoriond17_Nano02Apr2020_102X_mcRun2_asymptotic_v8_ext2-v1/NANOAODSIM
[2021-05-12 22:01:31,336] [Sample.py:55] [DEBUG] Doing DIS query of type files for /TTZToLLNuNu_M-10_TuneCP5_PSweights_13TeV-amcatnlo-pythia8/RunIISummer16NanoAODv7-PUMoriond17_Nano02Apr2020_102X_mcRun2_asymptotic_v8-v1/NANOAODSIM
[2021-05-12 22:01:31,697] [Sample.py:55] [DEBUG] Doing DIS query of type files for /TTZToQQ_TuneCUETP8M1_13TeV-amcatnlo-pythia8/RunIISummer16NanoAODv7-PUMoriond17_Nano02Apr2020_102X_mcRun2_asymptotic_v8-v1/NANOAODSIM
[2021-05-12 22:01:32,023] [Sample.py:55] [DEBUG] Doing DIS query of type files for /TTTo2L2Nu_TuneCP5_PSweights_13TeV-powheg-pythia8/RunIISummer16NanoAODv7-PUMoriond17_Nano02Apr2020_102X_mcRun2_asymptotic_v8-v1/NANOAODSIM
[2021-05-13 09:41:20,179] [Sample.py:55] [DEBUG] Doing DIS query of type files for /DYJetsToLL_M-50_TuneCUETP8M1_13TeV-madgraphMLM-pythia8/RunIISummer16NanoAODv7-PUMoriond17_Nano02Apr2020_102X_mcRun2_asymptotic_v8_ext2-v1/NANOAODSIM
[2021-05-13 09:41:21,464] [Sample.py:55] [DEBUG] Doing DIS query of type files for /TTZToLLNuNu_M-10_TuneCP5_PSweights_13TeV-amcatnlo-pythia8/RunIISummer16NanoAODv7-PUMoriond17_Nano02Apr2020_102X_mcRun2_asymptotic_v8-v1/NANOAODSIM
[2021-05-13 09:41:21,754] [Sample.py:55] [DEBUG] Doing DIS query of type files for /TTZToQQ_TuneCUETP8M1_13TeV-amcatnlo-pythia8/RunIISummer16NanoAODv7-PUMoriond17_Nano02Apr2020_102X_mcRun2_asymptotic_v8-v1/NANOAODSIM
[2021-05-13 09:41:22,026] [Sample.py:55] [DEBUG] Doing DIS query of type files for /TTTo2L2Nu_TuneCP5_PSweights_13TeV-powheg-pythia8/RunIISummer16NanoAODv7-PUMoriond17_Nano02Apr2020_102X_mcRun2_asymptotic_v8-v1/NANOAODSIM
[2021-05-13 10:56:56,221] [Sample.py:55] [DEBUG] Doing DIS query of type files for /DYJetsToLL_M-50_TuneCP5_13TeV-madgraphMLM-pythia8/RunIIFall17NanoAODv7-PU2017RECOSIMstep_12Apr2018_Nano02Apr2020_102X_mc2017_realistic_v8_ext1-v1/NANOAODSIM
[2021-05-13 10:56:57,300] [Sample.py:55] [DEBUG] Doing DIS query of type files for /TTZToLLNuNu_M-10_TuneCP5_PSweights_13TeV-amcatnlo-pythia8/RunIIFall17NanoAODv7-PU2017_12Apr2018_Nano02Apr2020_102X_mc2017_realistic_v8-v1/NANOAODSIM
[2021-05-13 10:56:57,749] [Sample.py:55] [DEBUG] Doing DIS query of type files for /TTZToLL_M-1to10_TuneCP5_13TeV-amcatnlo-pythia8/RunIIFall17NanoAODv7-PU2017_12Apr2018_Nano02Apr2020_102X_mc2017_realistic_v8-v1/NANOAODSIM
[2021-05-13 10:56:57,978] [Sample.py:55] [DEBUG] Doing DIS query of type files for /TTTo2L2Nu_TuneCP5_PSweights_13TeV-powheg-pythia8/RunIIFall17NanoAODv7-PU2017_12Apr2018_Nano02Apr2020_new_pmx_102X_mc2017_realistic_v8-v1/NANOAODSIM
[2021-05-14 12:26:53,954] [Sample.py:55] [DEBUG] Doing DIS query of type files for /DYJetsToLL_M-50_TuneCP5_13TeV-madgraphMLM-pythia8/RunIIFall17NanoAODv7-PU2017RECOSIMstep_12Apr2018_Nano02Apr2020_102X_mc2017_realistic_v8_ext1-v1/NANOAODSIM
[2021-05-14 12:26:55,174] [Sample.py:55] [DEBUG] Doing DIS query of type files for /TTZToLLNuNu_M-10_TuneCP5_PSweights_13TeV-amcatnlo-pythia8/RunIIFall17NanoAODv7-PU2017_12Apr2018_Nano02Apr2020_102X_mc2017_realistic_v8-v1/NANOAODSIM
[2021-05-14 12:26:55,622] [Sample.py:55] [DEBUG] Doing DIS query of type files for /TTZToLL_M-1to10_TuneCP5_13TeV-amcatnlo-pythia8/RunIIFall17NanoAODv7-PU2017_12Apr2018_Nano02Apr2020_102X_mc2017_realistic_v8-v1/NANOAODSIM
[2021-05-14 12:26:55,917] [Sample.py:55] [DEBUG] Doing DIS query of type files for /TTTo2L2Nu_TuneCP5_PSweights_13TeV-powheg-pythia8/RunIIFall17NanoAODv7-PU2017_12Apr2018_Nano02Apr2020_new_pmx_102X_mc2017_realistic_v8-v1/NANOAODSIM
[2021-05-14 13:42:07,580] [Sample.py:55] [DEBUG] Doing DIS query of type files for /DYJetsToLL_M-50_TuneCP5_13TeV-madgraphMLM-pythia8/RunIIFall17NanoAODv7-PU2017RECOSIMstep_12Apr2018_Nano02Apr2020_102X_mc2017_realistic_v8_ext1-v1/NANOAODSIM
[2021-05-14 13:42:08,728] [Sample.py:55] [DEBUG] Doing DIS query of type files for /TTZToLLNuNu_M-10_TuneCP5_PSweights_13TeV-amcatnlo-pythia8/RunIIFall17NanoAODv7-PU2017_12Apr2018_Nano02Apr2020_102X_mc2017_realistic_v8-v1/NANOAODSIM
[2021-05-14 13:42:09,178] [Sample.py:55] [DEBUG] Doing DIS query of type files for /TTZToLL_M-1to10_TuneCP5_13TeV-amcatnlo-pythia8/RunIIFall17NanoAODv7-PU2017_12Apr2018_Nano02Apr2020_102X_mc2017_realistic_v8-v1/NANOAODSIM
[2021-05-14 13:42:09,765] [Sample.py:55] [DEBUG] Doing DIS query of type files for /TTTo2L2Nu_TuneCP5_PSweights_13TeV-powheg-pythia8/RunIIFall17NanoAODv7-PU2017_12Apr2018_Nano02Apr2020_new_pmx_102X_mc2017_realistic_v8-v1/NANOAODSIM
[2021-05-14 14:01:42,506] [Sample.py:55] [DEBUG] Doing DIS query of type files for /DYJetsToLL_M-50_TuneCP5_13TeV-madgraphMLM-pythia8/RunIIFall17NanoAODv7-PU2017RECOSIMstep_12Apr2018_Nano02Apr2020_102X_mc2017_realistic_v8_ext1-v1/NANOAODSIM
[2021-05-14 14:01:42,638] [Sample.py:55] [DEBUG] Doing DIS query of type files for /TTZToLLNuNu_M-10_TuneCP5_PSweights_13TeV-amcatnlo-pythia8/RunIIFall17NanoAODv7-PU2017_12Apr2018_Nano02Apr2020_102X_mc2017_realistic_v8-v1/NANOAODSIM
[2021-05-14 14:01:42,707] [Sample.py:55] [DEBUG] Doing DIS query of type files for /TTZToLL_M-1to10_TuneCP5_13TeV-amcatnlo-pythia8/RunIIFall17NanoAODv7-PU2017_12Apr2018_Nano02Apr2020_102X_mc2017_realistic_v8-v1/NANOAODSIM
[2021-05-14 14:01:42,765] [Sample.py:55] [DEBUG] Doing DIS query of type files for /TTTo2L2Nu_TuneCP5_PSweights_13TeV-powheg-pythia8/RunIIFall17NanoAODv7-PU2017_12Apr2018_Nano02Apr2020_new_pmx_102X_mc2017_realistic_v8-v1/NANOAODSIM
[2021-05-14 14:46:59,836] [Sample.py:55] [DEBUG] Doing DIS query of type files for /DYJetsToLL_M-50_TuneCP5_13TeV-madgraphMLM-pythia8/RunIIFall17NanoAODv7-PU2017RECOSIMstep_12Apr2018_Nano02Apr2020_102X_mc2017_realistic_v8_ext1-v1/NANOAODSIM
[2021-05-14 14:47:01,106] [Sample.py:55] [DEBUG] Doing DIS query of type files for /TTZToLLNuNu_M-10_TuneCP5_PSweights_13TeV-amcatnlo-pythia8/RunIIFall17NanoAODv7-PU2017_12Apr2018_Nano02Apr2020_102X_mc2017_realistic_v8-v1/NANOAODSIM
[2021-05-14 14:47:01,690] [Sample.py:55] [DEBUG] Doing DIS query of type files for /TTZToLL_M-1to10_TuneCP5_13TeV-amcatnlo-pythia8/RunIIFall17NanoAODv7-PU2017_12Apr2018_Nano02Apr2020_102X_mc2017_realistic_v8-v1/NANOAODSIM
[2021-05-14 14:47:02,034] [Sample.py:55] [DEBUG] Doing DIS query of type files for /TTTo2L2Nu_TuneCP5_PSweights_13TeV-powheg-pythia8/RunIIFall17NanoAODv7-PU2017_12Apr2018_Nano02Apr2020_new_pmx_102X_mc2017_realistic_v8-v1/NANOAODSIM
[2021-05-14 15:21:26,685] [Sample.py:55] [DEBUG] Doing DIS query of type files for /DYJetsToLL_M-50_TuneCP5_13TeV-madgraphMLM-pythia8/RunIIFall17NanoAODv7-PU2017RECOSIMstep_12Apr2018_Nano02Apr2020_102X_mc2017_realistic_v8_ext1-v1/NANOAODSIM
[2021-05-14 15:21:26,799] [Sample.py:55] [DEBUG] Doing DIS query of type files for /TTZToLLNuNu_M-10_TuneCP5_PSweights_13TeV-amcatnlo-pythia8/RunIIFall17NanoAODv7-PU2017_12Apr2018_Nano02Apr2020_102X_mc2017_realistic_v8-v1/NANOAODSIM
[2021-05-14 15:21:26,883] [Sample.py:55] [DEBUG] Doing DIS query of type files for /TTZToLL_M-1to10_TuneCP5_13TeV-amcatnlo-pythia8/RunIIFall17NanoAODv7-PU2017_12Apr2018_Nano02Apr2020_102X_mc2017_realistic_v8-v1/NANOAODSIM
[2021-05-14 15:21:26,933] [Sample.py:55] [DEBUG] Doing DIS query of type files for /TTTo2L2Nu_TuneCP5_PSweights_13TeV-powheg-pythia8/RunIIFall17NanoAODv7-PU2017_12Apr2018_Nano02Apr2020_new_pmx_102X_mc2017_realistic_v8-v1/NANOAODSIM
[2021-05-14 15:49:16,650] [Sample.py:55] [DEBUG] Doing DIS query of type files for /DYJetsToLL_M-50_TuneCP5_13TeV-madgraphMLM-pythia8/RunIIFall17NanoAODv7-PU2017RECOSIMstep_12Apr2018_Nano02Apr2020_102X_mc2017_realistic_v8_ext1-v1/NANOAODSIM
[2021-05-14 15:49:18,354] [Sample.py:55] [DEBUG] Doing DIS query of type files for /TTZToLLNuNu_M-10_TuneCP5_PSweights_13TeV-amcatnlo-pythia8/RunIIFall17NanoAODv7-PU2017_12Apr2018_Nano02Apr2020_102X_mc2017_realistic_v8-v1/NANOAODSIM
[2021-05-14 15:49:19,216] [Sample.py:55] [DEBUG] Doing DIS query of type files for /TTZToLL_M-1to10_TuneCP5_13TeV-amcatnlo-pythia8/RunIIFall17NanoAODv7-PU2017_12Apr2018_Nano02Apr2020_102X_mc2017_realistic_v8-v1/NANOAODSIM
[2021-05-14 15:49:19,671] [Sample.py:55] [DEBUG] Doing DIS query of type files for /TTTo2L2Nu_TuneCP5_PSweights_13TeV-powheg-pythia8/RunIIFall17NanoAODv7-PU2017_12Apr2018_Nano02Apr2020_new_pmx_102X_mc2017_realistic_v8-v1/NANOAODSIM
[2021-05-14 17:12:22,086] [Sample.py:55] [DEBUG] Doing DIS query of type files for /DYJetsToLL_M-50_TuneCP5_13TeV-madgraphMLM-pythia8/RunIIFall17NanoAODv7-PU2017RECOSIMstep_12Apr2018_Nano02Apr2020_102X_mc2017_realistic_v8_ext1-v1/NANOAODSIM
[2021-05-14 17:12:23,617] [Sample.py:55] [DEBUG] Doing DIS query of type files for /TTZToLLNuNu_M-10_TuneCP5_PSweights_13TeV-amcatnlo-pythia8/RunIIFall17NanoAODv7-PU2017_12Apr2018_Nano02Apr2020_102X_mc2017_realistic_v8-v1/NANOAODSIM
[2021-05-14 17:12:24,035] [Sample.py:55] [DEBUG] Doing DIS query of type files for /TTZToLL_M-1to10_TuneCP5_13TeV-amcatnlo-pythia8/RunIIFall17NanoAODv7-PU2017_12Apr2018_Nano02Apr2020_102X_mc2017_realistic_v8-v1/NANOAODSIM
[2021-05-14 17:12:24,316] [Sample.py:55] [DEBUG] Doing DIS query of type files for /TTTo2L2Nu_TuneCP5_PSweights_13TeV-powheg-pythia8/RunIIFall17NanoAODv7-PU2017_12Apr2018_Nano02Apr2020_new_pmx_102X_mc2017_realistic_v8-v1/NANOAODSIM
[2021-05-14 18:32:55,520] [Sample.py:55] [DEBUG] Doing DIS query of type files for /DYJetsToLL_M-50_TuneCP5_13TeV-madgraphMLM-pythia8/RunIIFall17NanoAODv7-PU2017RECOSIMstep_12Apr2018_Nano02Apr2020_102X_mc2017_realistic_v8_ext1-v1/NANOAODSIM
[2021-05-14 18:32:57,071] [Sample.py:55] [DEBUG] Doing DIS query of type files for /TTZToLLNuNu_M-10_TuneCP5_PSweights_13TeV-amcatnlo-pythia8/RunIIFall17NanoAODv7-PU2017_12Apr2018_Nano02Apr2020_102X_mc2017_realistic_v8-v1/NANOAODSIM
[2021-05-14 18:32:57,855] [Sample.py:55] [DEBUG] Doing DIS query of type files for /TTZToLL_M-1to10_TuneCP5_13TeV-amcatnlo-pythia8/RunIIFall17NanoAODv7-PU2017_12Apr2018_Nano02Apr2020_102X_mc2017_realistic_v8-v1/NANOAODSIM
[2021-05-14 18:32:58,507] [Sample.py:55] [DEBUG] Doing DIS query of type files for /TTTo2L2Nu_TuneCP5_PSweights_13TeV-powheg-pythia8/RunIIFall17NanoAODv7-PU2017_12Apr2018_Nano02Apr2020_new_pmx_102X_mc2017_realistic_v8-v1/NANOAODSIM
[2021-05-15 12:26:50,158] [Sample.py:55] [DEBUG] Doing DIS query of type files for /DYJetsToLL_M-50_TuneCP5_13TeV-madgraphMLM-pythia8/RunIIFall17NanoAODv7-PU2017RECOSIMstep_12Apr2018_Nano02Apr2020_102X_mc2017_realistic_v8_ext1-v1/NANOAODSIM
[2021-05-15 12:26:56,205] [Sample.py:55] [DEBUG] Doing DIS query of type files for /TTZToLLNuNu_M-10_TuneCP5_PSweights_13TeV-amcatnlo-pythia8/RunIIFall17NanoAODv7-PU2017_12Apr2018_Nano02Apr2020_102X_mc2017_realistic_v8-v1/NANOAODSIM
[2021-05-15 12:38:35,251] [Sample.py:55] [DEBUG] Doing DIS query of type files for /DYJetsToLL_M-50_TuneCP5_13TeV-madgraphMLM-pythia8/RunIIFall17NanoAODv7-PU2017RECOSIMstep_12Apr2018_Nano02Apr2020_102X_mc2017_realistic_v8_ext1-v1/NANOAODSIM
[2021-05-15 12:38:53,258] [Sample.py:55] [DEBUG] Doing DIS query of type files for /TTZToLLNuNu_M-10_TuneCP5_PSweights_13TeV-amcatnlo-pythia8/RunIIFall17NanoAODv7-PU2017_12Apr2018_Nano02Apr2020_102X_mc2017_realistic_v8-v1/NANOAODSIM
[2021-05-15 12:38:55,762] [Sample.py:55] [DEBUG] Doing DIS query of type files for /TTZToLL_M-1to10_TuneCP5_13TeV-amcatnlo-pythia8/RunIIFall17NanoAODv7-PU2017_12Apr2018_Nano02Apr2020_102X_mc2017_realistic_v8-v1/NANOAODSIM
[2021-05-15 12:38:57,725] [Sample.py:55] [DEBUG] Doing DIS query of type files for /TTTo2L2Nu_TuneCP5_PSweights_13TeV-powheg-pythia8/RunIIFall17NanoAODv7-PU2017_12Apr2018_Nano02Apr2020_new_pmx_102X_mc2017_realistic_v8-v1/NANOAODSIM
[2021-05-16 21:07:24,908] [Sample.py:55] [DEBUG] Doing DIS query of type files for /DYJetsToLL_M-50_TuneCUETP8M1_13TeV-madgraphMLM-pythia8/RunIISummer16NanoAODv7-PUMoriond17_Nano02Apr2020_102X_mcRun2_asymptotic_v8_ext2-v1/NANOAODSIM
[2021-05-16 21:07:26,065] [Sample.py:55] [DEBUG] Doing DIS query of type files for /TTZToLLNuNu_M-10_TuneCP5_PSweights_13TeV-amcatnlo-pythia8/RunIISummer16NanoAODv7-PUMoriond17_Nano02Apr2020_102X_mcRun2_asymptotic_v8-v1/NANOAODSIM
[2021-05-16 21:07:26,350] [Sample.py:55] [DEBUG] Doing DIS query of type files for /TTZToQQ_TuneCUETP8M1_13TeV-amcatnlo-pythia8/RunIISummer16NanoAODv7-PUMoriond17_Nano02Apr2020_102X_mcRun2_asymptotic_v8-v1/NANOAODSIM
[2021-05-16 21:07:26,593] [Sample.py:55] [DEBUG] Doing DIS query of type files for /TTTo2L2Nu_TuneCP5_PSweights_13TeV-powheg-pythia8/RunIISummer16NanoAODv7-PUMoriond17_Nano02Apr2020_102X_mcRun2_asymptotic_v8-v1/NANOAODSIM
[2021-05-17 09:45:10,996] [Sample.py:55] [DEBUG] Doing DIS query of type files for /DYJetsToLL_M-50_TuneCUETP8M1_13TeV-madgraphMLM-pythia8/RunIISummer16NanoAODv7-PUMoriond17_Nano02Apr2020_102X_mcRun2_asymptotic_v8_ext2-v1/NANOAODSIM
[2021-05-17 09:45:14,138] [Sample.py:55] [DEBUG] Doing DIS query of type files for /TTZToLLNuNu_M-10_TuneCP5_PSweights_13TeV-amcatnlo-pythia8/RunIISummer16NanoAODv7-PUMoriond17_Nano02Apr2020_102X_mcRun2_asymptotic_v8-v1/NANOAODSIM
[2021-05-17 09:45:14,480] [Sample.py:55] [DEBUG] Doing DIS query of type files for /TTZToQQ_TuneCUETP8M1_13TeV-amcatnlo-pythia8/RunIISummer16NanoAODv7-PUMoriond17_Nano02Apr2020_102X_mcRun2_asymptotic_v8-v1/NANOAODSIM
[2021-05-17 09:45:14,741] [Sample.py:55] [DEBUG] Doing DIS query of type files for /TTTo2L2Nu_TuneCP5_PSweights_13TeV-powheg-pythia8/RunIISummer16NanoAODv7-PUMoriond17_Nano02Apr2020_102X_mcRun2_asymptotic_v8-v1/NANOAODSIM
[2021-05-17 15:05:54,164] [Sample.py:55] [DEBUG] Doing DIS query of type files for /DYJetsToLL_M-50_TuneCP5_13TeV-madgraphMLM-pythia8/RunIIAutumn18NanoAODv7-Nano02Apr2020_102X_upgrade2018_realistic_v21-v1/NANOAODSIM
[2021-05-17 15:05:55,328] [Sample.py:55] [DEBUG] Doing DIS query of type files for /TTZToLLNuNu_M-10_TuneCP5_13TeV-amcatnlo-pythia8/RunIIAutumn18NanoAODv7-Nano02Apr2020_102X_upgrade2018_realistic_v21_ext1-v1/NANOAODSIM
[2021-05-17 15:05:55,619] [Sample.py:55] [DEBUG] Doing DIS query of type files for /TTZToLL_M-1to10_TuneCP5_13TeV-amcatnlo-pythia8/RunIIAutumn18NanoAODv7-Nano02Apr2020_102X_upgrade2018_realistic_v21-v1/NANOAODSIM
[2021-05-17 15:05:55,909] [Sample.py:55] [DEBUG] Doing DIS query of type files for /TTTo2L2Nu_TuneCP5_13TeV-powheg-pythia8/RunIIAutumn18NanoAODv7-Nano02Apr2020_102X_upgrade2018_realistic_v21-v1/NANOAODSIM
[2021-05-17 19:44:01,948] [Sample.py:55] [DEBUG] Doing DIS query of type files for /DYJetsToLL_M-50_TuneCP5_13TeV-madgraphMLM-pythia8/RunIIAutumn18NanoAODv7-Nano02Apr2020_102X_upgrade2018_realistic_v21-v1/NANOAODSIM
[2021-05-17 19:44:03,359] [Sample.py:55] [DEBUG] Doing DIS query of type files for /TTZToLLNuNu_M-10_TuneCP5_13TeV-amcatnlo-pythia8/RunIIAutumn18NanoAODv7-Nano02Apr2020_102X_upgrade2018_realistic_v21_ext1-v1/NANOAODSIM
[2021-05-17 19:44:03,649] [Sample.py:55] [DEBUG] Doing DIS query of type files for /TTZToLL_M-1to10_TuneCP5_13TeV-amcatnlo-pythia8/RunIIAutumn18NanoAODv7-Nano02Apr2020_102X_upgrade2018_realistic_v21-v1/NANOAODSIM
[2021-05-17 19:44:03,907] [Sample.py:55] [DEBUG] Doing DIS query of type files for /TTTo2L2Nu_TuneCP5_13TeV-powheg-pythia8/RunIIAutumn18NanoAODv7-Nano02Apr2020_102X_upgrade2018_realistic_v21-v1/NANOAODSIM
[2021-05-19 09:31:08,614] [Sample.py:55] [DEBUG] Doing DIS query of type files for /TTTo2L2Nu_TuneCP5_13TeV-powheg-pythia8/RunIIAutumn18NanoAODv7-Nano02Apr2020_102X_upgrade2018_realistic_v21-v1/NANOAODSIM
[2021-05-19 09:31:08,664] [Sample.py:55] [DEBUG] Doing DIS query of type files for /DYJetsToLL_M-50_TuneCP5_13TeV-madgraphMLM-pythia8/RunIIAutumn18NanoAODv7-Nano02Apr2020_102X_upgrade2018_realistic_v21-v1/NANOAODSIM
[2021-05-19 09:31:56,077] [Sample.py:55] [DEBUG] Doing DIS query of type files for /TTTo2L2Nu_TuneCP5_13TeV-powheg-pythia8/RunIIAutumn18NanoAODv7-Nano02Apr2020_102X_upgrade2018_realistic_v21-v1/NANOAODSIM
[2021-05-19 09:31:56,119] [Sample.py:55] [DEBUG] Doing DIS query of type files for /DYJetsToLL_M-50_TuneCP5_13TeV-madgraphMLM-pythia8/RunIIAutumn18NanoAODv7-Nano02Apr2020_102X_upgrade2018_realistic_v21-v1/NANOAODSIM
[2021-05-19 09:32:43,039] [Sample.py:55] [DEBUG] Doing DIS query of type files for /TTTo2L2Nu_TuneCP5_13TeV-powheg-pythia8/RunIIAutumn18NanoAODv7-Nano02Apr2020_102X_upgrade2018_realistic_v21-v1/NANOAODSIM
[2021-05-19 09:32:43,082] [Sample.py:55] [DEBUG] Doing DIS query of type files for /DYJetsToLL_M-50_TuneCP5_13TeV-madgraphMLM-pythia8/RunIIAutumn18NanoAODv7-Nano02Apr2020_102X_upgrade2018_realistic_v21-v1/NANOAODSIM
[2021-05-19 10:39:37,762] [Sample.py:55] [DEBUG] Doing DIS query of type files for /TTTo2L2Nu_TuneCP5_13TeV-powheg-pythia8/RunIIAutumn18NanoAODv7-Nano02Apr2020_102X_upgrade2018_realistic_v21-v1/NANOAODSIM
[2021-05-19 10:39:37,811] [Sample.py:55] [DEBUG] Doing DIS query of type files for /DYJetsToLL_M-50_TuneCP5_13TeV-madgraphMLM-pythia8/RunIIAutumn18NanoAODv7-Nano02Apr2020_102X_upgrade2018_realistic_v21-v1/NANOAODSIM
[2021-05-19 10:40:27,150] [Sample.py:55] [DEBUG] Doing DIS query of type files for /TTTo2L2Nu_TuneCP5_13TeV-powheg-pythia8/RunIIAutumn18NanoAODv7-Nano02Apr2020_102X_upgrade2018_realistic_v21-v1/NANOAODSIM
[2021-05-19 10:40:27,193] [Sample.py:55] [DEBUG] Doing DIS query of type files for /DYJetsToLL_M-50_TuneCP5_13TeV-madgraphMLM-pythia8/RunIIAutumn18NanoAODv7-Nano02Apr2020_102X_upgrade2018_realistic_v21-v1/NANOAODSIM
